<?xml version="1.0" encoding="UTF-8"?>
<!-- Generated by org.testng.reporters.JUnitReportReporter -->
<testsuite hostname="W2027393" name="com.crm.qa.testcases.LoginPageTest" tests="2" failures="0" timestamp="7 Apr 2021 11:00:19 GMT" time="24.214" errors="0">
  <testcase name="loginToCRM" time="12.858" classname="com.crm.qa.testcases.LoginPageTest"/>
  <testcase name="loginPageTitleTest" time="11.356" classname="com.crm.qa.testcases.LoginPageTest"/>
</testsuite> <!-- com.crm.qa.testcases.LoginPageTest -->
