<?xml version="1.0" encoding="UTF-8"?>
<!-- Generated by org.testng.reporters.JUnitReportReporter -->
<testsuite hostname="W1651507" name="com.crm.qa.testcases.ContactsPageTest" tests="4" failures="0" timestamp="11 Mar 2021 11:29:30 GMT" time="175.174" errors="0">
  <testcase name="verifyContactLinksTest" time="36.750" classname="com.crm.qa.testcases.ContactsPageTest"/>
  <testcase name="validateCreateContactName" time="47.254" classname="com.crm.qa.testcases.ContactsPageTest"/>
  <testcase name="validateCreateContactName" time="46.943" classname="com.crm.qa.testcases.ContactsPageTest"/>
  <testcase name="validateCreateContactName" time="44.227" classname="com.crm.qa.testcases.ContactsPageTest"/>
</testsuite> <!-- com.crm.qa.testcases.ContactsPageTest -->
