<?xml version="1.0" encoding="UTF-8"?>
<!-- Generated by org.testng.reporters.JUnitReportReporter -->
<testsuite hostname="W2027393" name="com.crm.qa.testcases.HomePageTest" tests="2" failures="0" timestamp="7 Apr 2021 11:00:19 GMT" time="25.020" errors="0">
  <testcase name="verifyPageTitleTest" time="13.716" classname="com.crm.qa.testcases.HomePageTest"/>
  <testcase name="verifyContactLinksTest" time="11.304" classname="com.crm.qa.testcases.HomePageTest"/>
</testsuite> <!-- com.crm.qa.testcases.HomePageTest -->
