<?xml version="1.0" encoding="UTF-8"?>
<!-- Generated by org.testng.reporters.JUnitReportReporter -->
<testsuite hostname="W2027393" name="com.crm.qa.testcases.ContactsPageTest" tests="4" failures="0" timestamp="7 Apr 2021 11:00:19 GMT" time="104.726" errors="0">
  <testcase name="validateCreateContactName" time="27.334" classname="com.crm.qa.testcases.ContactsPageTest"/>
  <testcase name="validateCreateContactName" time="28.867" classname="com.crm.qa.testcases.ContactsPageTest"/>
  <testcase name="validateCreateContactName" time="30.963" classname="com.crm.qa.testcases.ContactsPageTest"/>
  <testcase name="verifyContactLinksTest" time="17.562" classname="com.crm.qa.testcases.ContactsPageTest"/>
</testsuite> <!-- com.crm.qa.testcases.ContactsPageTest -->
