<?xml version="1.0" encoding="UTF-8"?>
<!-- Generated by org.testng.reporters.JUnitReportReporter -->
<testsuite hostname="W2027393" name="com.crm.qa.testcases.LoginPageTest" tests="2" failures="0" timestamp="9 Jul 2021 15:34:36 GMT" time="13.959" errors="0">
  <testcase name="loginToCRM" time="9.932" classname="com.crm.qa.testcases.LoginPageTest"/>
  <testcase name="loginPageTitleTest" time="4.027" classname="com.crm.qa.testcases.LoginPageTest"/>
</testsuite> <!-- com.crm.qa.testcases.LoginPageTest -->
