<?xml version="1.0" encoding="UTF-8"?>
<!-- Generated by org.testng.reporters.JUnitReportReporter -->
<testsuite hostname="Pun2" failures="0" tests="2" name="com.crm.qa.testcases.LoginPageTest" time="13.349" errors="0" timestamp="2021-08-31T18:53:49 IST" skipped="0">
  <testcase classname="com.crm.qa.testcases.LoginPageTest" name="loginPageTitleTest" time="2.372"/>
  <system-out/>
  <testcase classname="com.crm.qa.testcases.LoginPageTest" name="loginToCRM" time="10.977"/>
  <system-out/>
</testsuite> <!-- com.crm.qa.testcases.LoginPageTest -->
