<?xml version="1.0" encoding="UTF-8"?>
<!-- Generated by org.testng.reporters.JUnitReportReporter -->
<testsuite hostname="W2027393" name="com.crm.qa.testcases.ContactsPageTest" tests="4" failures="0" timestamp="7 Apr 2021 07:47:41 GMT" time="100.719" errors="0">
  <testcase name="validateCreateContactName" time="28.888" classname="com.crm.qa.testcases.ContactsPageTest"/>
  <testcase name="validateCreateContactName" time="29.364" classname="com.crm.qa.testcases.ContactsPageTest"/>
  <testcase name="validateCreateContactName" time="24.663" classname="com.crm.qa.testcases.ContactsPageTest"/>
  <testcase name="verifyContactLinksTest" time="17.804" classname="com.crm.qa.testcases.ContactsPageTest"/>
</testsuite> <!-- com.crm.qa.testcases.ContactsPageTest -->
