<?xml version="1.0" encoding="UTF-8"?>
<!-- Generated by org.testng.reporters.JUnitReportReporter -->
<testsuite hostname="W2027393" name="com.crm.qa.testcases.LoginPageTest" tests="2" failures="0" timestamp="7 Apr 2021 07:47:41 GMT" time="25.507" errors="0">
  <testcase name="loginToCRM" time="12.636" classname="com.crm.qa.testcases.LoginPageTest"/>
  <testcase name="loginPageTitleTest" time="12.871" classname="com.crm.qa.testcases.LoginPageTest"/>
</testsuite> <!-- com.crm.qa.testcases.LoginPageTest -->
