<?xml version="1.0" encoding="UTF-8"?>
<!-- Generated by org.testng.reporters.JUnitReportReporter -->
<testsuite hostname="W2027393" name="com.crm.qa.testcases.HomePageTest" tests="2" failures="0" timestamp="7 Apr 2021 07:47:41 GMT" time="31.243" errors="0">
  <testcase name="verifyPageTitleTest" time="13.719" classname="com.crm.qa.testcases.HomePageTest"/>
  <testcase name="verifyContactLinksTest" time="17.524" classname="com.crm.qa.testcases.HomePageTest"/>
</testsuite> <!-- com.crm.qa.testcases.HomePageTest -->
