<?xml version="1.0" encoding="UTF-8"?>
<!-- Generated by org.testng.reporters.JUnitReportReporter -->
<testsuite hostname="W2027393" name="com.crm.qa.testcases.LoginPageTest" tests="1" failures="0" timestamp="1 Apr 2021 13:27:21 GMT" time="10.456" errors="0">
  <testcase name="loginToCRM" time="10.456" classname="com.crm.qa.testcases.LoginPageTest"/>
</testsuite> <!-- com.crm.qa.testcases.LoginPageTest -->
